### Start Wed Mar 13 16:31:18 2019
# /apps/dev-studio/12.6/bin/../bin/er_archive -n -O /home/ls2716/cwHPC/initial3.er/_x5.er/er_archive.log /home/ls2716/cwHPC/initial3.er/_x5.er
Copying `/usr/lib/x86_64-linux-gnu/libltdl.so.7.3.1'  to `/home/ls2716/cwHPC/initial3.er/archives/libltdl.so.7.3.1_dnWuQRcLhw9'
Copying `/usr/lib/x86_64-linux-gnu/libnuma.so.1.0.0'  to `/home/ls2716/cwHPC/initial3.er/archives/libnuma.so.1.0.0_dnWuQRcLhw9'
Copying `/usr/lib/x86_64-linux-gnu/openmpi/lib/libopen-rte.so.20.1.0'  to `/home/ls2716/cwHPC/initial3.er/archives/libopen-rte.so.20.1.0_G6zcWprHF51'
Copying `/lib/x86_64-linux-gnu/libdl-2.24.so'  to `/home/ls2716/cwHPC/initial3.er/archives/libdl-2.24.so_XLwlkF_Wwof'
Copying `/lib/x86_64-linux-gnu/libpthread-2.24.so'  to `/home/ls2716/cwHPC/initial3.er/archives/libpthread-2.24.so_XLwlkF_Wwof'
Copying `/usr/lib/x86_64-linux-gnu/openmpi/lib/libmpi_cxx.so.20.0.1'  to `/home/ls2716/cwHPC/initial3.er/archives/libmpi_cxx.so.20.0.1_G6zcWprHF51'
Copying `/usr/lib/x86_64-linux-gnu/openmpi/lib/openmpi/mca_shmem_posix.so'  to `/home/ls2716/cwHPC/initial3.er/archives/mca_shmem_posix.so_c125S9HKbgb'
Copying `/usr/lib/x86_64-linux-gnu/openmpi/lib/openmpi/mca_pmix_pmix112.so'  to `/home/ls2716/cwHPC/initial3.er/archives/mca_pmix_pmix112.so_c125S9HKbgb'
Copying `/usr/lib/x86_64-linux-gnu/libicudata.so.57.1'  to `/home/ls2716/cwHPC/initial3.er/archives/libicudata.so.57.1_dnWuQRcLhw9'
Copying `/usr/lib/x86_64-linux-gnu/openmpi/lib/openmpi/mca_errmgr_default_tool.so'  to `/home/ls2716/cwHPC/initial3.er/archives/mca_errmgr_default_tool.so_c125S9HKbgb'
Copying `/lib/x86_64-linux-gnu/libnl-3.so.200.22.0'  to `/home/ls2716/cwHPC/initial3.er/archives/libnl-3.so.200.22.0_XLwlkF_Wwof'
Copying `/usr/lib/x86_64-linux-gnu/openmpi/lib/openmpi/mca_routed_radix.so'  to `/home/ls2716/cwHPC/initial3.er/archives/mca_routed_radix.so_c125S9HKbgb'
Copying `/usr/lib/x86_64-linux-gnu/openmpi/lib/openmpi/mca_grpcomm_direct.so'  to `/home/ls2716/cwHPC/initial3.er/archives/mca_grpcomm_direct.so_c125S9HKbgb'
Copying `/usr/lib/x86_64-linux-gnu/openmpi/lib/openmpi/mca_mpool_sm.so'  to `/home/ls2716/cwHPC/initial3.er/archives/mca_mpool_sm.so_c125S9HKbgb'
Copying `/usr/lib/x86_64-linux-gnu/openmpi/lib/openmpi/mca_pml_ob1.so'  to `/home/ls2716/cwHPC/initial3.er/archives/mca_pml_ob1.so_c125S9HKbgb'
Copying `/usr/lib/x86_64-linux-gnu/openmpi/lib/openmpi/mca_mtl_psm.so'  to `/home/ls2716/cwHPC/initial3.er/archives/mca_mtl_psm.so_c125S9HKbgb'
Copying `/usr/lib/x86_64-linux-gnu/openmpi/lib/openmpi/mca_coll_inter.so'  to `/home/ls2716/cwHPC/initial3.er/archives/mca_coll_inter.so_c125S9HKbgb'
Copying `/usr/lib/x86_64-linux-gnu/openmpi/lib/openmpi/mca_osc_sm.so'  to `/home/ls2716/cwHPC/initial3.er/archives/mca_osc_sm.so_c125S9HKbgb'
