### Start Wed Mar 13 16:04:50 2019
# /apps/dev-studio/12.6/bin/../bin/er_archive -n -O /home/ls2716/cwHPC/initial2.er/er_archive.log /home/ls2716/cwHPC/initial2.er
Copying `/usr/bin/orterun'  to `/home/ls2716/cwHPC/initial2.er/archives/orterun_UHyILZt997d'
Copying `/usr/lib/x86_64-linux-gnu/openmpi/lib/openmpi/mca_ess_env.so'  to `/home/ls2716/cwHPC/initial2.er/archives/mca_ess_env.so_c125S9HKbgb'
Copying `/usr/lib/x86_64-linux-gnu/openmpi/lib/openmpi/mca_ess_tool.so'  to `/home/ls2716/cwHPC/initial2.er/archives/mca_ess_tool.so_c125S9HKbgb'
Copying `/usr/lib/x86_64-linux-gnu/openmpi/lib/openmpi/mca_ess_slurm.so'  to `/home/ls2716/cwHPC/initial2.er/archives/mca_ess_slurm.so_c125S9HKbgb'
Copying `/usr/lib/x86_64-linux-gnu/openmpi/lib/openmpi/mca_ess_hnp.so'  to `/home/ls2716/cwHPC/initial2.er/archives/mca_ess_hnp.so_c125S9HKbgb'
Copying `/usr/lib/x86_64-linux-gnu/openmpi/lib/openmpi/mca_ess_singleton.so'  to `/home/ls2716/cwHPC/initial2.er/archives/mca_ess_singleton.so_c125S9HKbgb'
Copying `/usr/lib/x86_64-linux-gnu/openmpi/lib/openmpi/mca_pstat_linux.so'  to `/home/ls2716/cwHPC/initial2.er/archives/mca_pstat_linux.so_c125S9HKbgb'
Copying `/usr/lib/x86_64-linux-gnu/openmpi/lib/openmpi/mca_plm_rsh.so'  to `/home/ls2716/cwHPC/initial2.er/archives/mca_plm_rsh.so_c125S9HKbgb'
Copying `/usr/lib/x86_64-linux-gnu/openmpi/lib/openmpi/mca_plm_slurm.so'  to `/home/ls2716/cwHPC/initial2.er/archives/mca_plm_slurm.so_c125S9HKbgb'
Copying `/usr/lib/x86_64-linux-gnu/openmpi/lib/openmpi/mca_plm_isolated.so'  to `/home/ls2716/cwHPC/initial2.er/archives/mca_plm_isolated.so_c125S9HKbgb'
Copying `/usr/lib/x86_64-linux-gnu/openmpi/lib/openmpi/mca_ras_simulator.so'  to `/home/ls2716/cwHPC/initial2.er/archives/mca_ras_simulator.so_c125S9HKbgb'
Copying `/usr/lib/x86_64-linux-gnu/openmpi/lib/openmpi/mca_ras_loadleveler.so'  to `/home/ls2716/cwHPC/initial2.er/archives/mca_ras_loadleveler.so_c125S9HKbgb'
Copying `/usr/lib/x86_64-linux-gnu/openmpi/lib/openmpi/mca_ras_slurm.so'  to `/home/ls2716/cwHPC/initial2.er/archives/mca_ras_slurm.so_c125S9HKbgb'
Copying `/usr/lib/x86_64-linux-gnu/openmpi/lib/openmpi/mca_ras_gridengine.so'  to `/home/ls2716/cwHPC/initial2.er/archives/mca_ras_gridengine.so_c125S9HKbgb'
Copying `/usr/lib/x86_64-linux-gnu/openmpi/lib/openmpi/mca_rmaps_resilient.so'  to `/home/ls2716/cwHPC/initial2.er/archives/mca_rmaps_resilient.so_c125S9HKbgb'
Copying `/usr/lib/x86_64-linux-gnu/openmpi/lib/openmpi/mca_rmaps_rank_file.so'  to `/home/ls2716/cwHPC/initial2.er/archives/mca_rmaps_rank_file.so_c125S9HKbgb'
Copying `/usr/lib/x86_64-linux-gnu/openmpi/lib/openmpi/mca_rmaps_ppr.so'  to `/home/ls2716/cwHPC/initial2.er/archives/mca_rmaps_ppr.so_c125S9HKbgb'
Copying `/usr/lib/x86_64-linux-gnu/openmpi/lib/openmpi/mca_rmaps_seq.so'  to `/home/ls2716/cwHPC/initial2.er/archives/mca_rmaps_seq.so_c125S9HKbgb'
Copying `/usr/lib/x86_64-linux-gnu/openmpi/lib/openmpi/mca_rmaps_round_robin.so'  to `/home/ls2716/cwHPC/initial2.er/archives/mca_rmaps_round_robin.so_c125S9HKbgb'
Copying `/usr/lib/x86_64-linux-gnu/openmpi/lib/openmpi/mca_rmaps_staged.so'  to `/home/ls2716/cwHPC/initial2.er/archives/mca_rmaps_staged.so_c125S9HKbgb'
Copying `/usr/lib/x86_64-linux-gnu/openmpi/lib/openmpi/mca_rmaps_mindist.so'  to `/home/ls2716/cwHPC/initial2.er/archives/mca_rmaps_mindist.so_c125S9HKbgb'
Copying `/usr/lib/x86_64-linux-gnu/openmpi/lib/openmpi/mca_odls_default.so'  to `/home/ls2716/cwHPC/initial2.er/archives/mca_odls_default.so_c125S9HKbgb'
Copying `/usr/lib/x86_64-linux-gnu/openmpi/lib/openmpi/mca_rtc_freq.so'  to `/home/ls2716/cwHPC/initial2.er/archives/mca_rtc_freq.so_c125S9HKbgb'
Copying `/usr/lib/x86_64-linux-gnu/openmpi/lib/openmpi/mca_rtc_hwloc.so'  to `/home/ls2716/cwHPC/initial2.er/archives/mca_rtc_hwloc.so_c125S9HKbgb'
Copying `/usr/lib/x86_64-linux-gnu/openmpi/lib/openmpi/mca_iof_mr_orted.so'  to `/home/ls2716/cwHPC/initial2.er/archives/mca_iof_mr_orted.so_c125S9HKbgb'
Copying `/usr/lib/x86_64-linux-gnu/openmpi/lib/openmpi/mca_iof_tool.so'  to `/home/ls2716/cwHPC/initial2.er/archives/mca_iof_tool.so_c125S9HKbgb'
Copying `/usr/lib/x86_64-linux-gnu/openmpi/lib/openmpi/mca_iof_hnp.so'  to `/home/ls2716/cwHPC/initial2.er/archives/mca_iof_hnp.so_c125S9HKbgb'
Copying `/usr/lib/x86_64-linux-gnu/openmpi/lib/openmpi/mca_iof_orted.so'  to `/home/ls2716/cwHPC/initial2.er/archives/mca_iof_orted.so_c125S9HKbgb'
Copying `/usr/lib/x86_64-linux-gnu/openmpi/lib/openmpi/mca_iof_mr_hnp.so'  to `/home/ls2716/cwHPC/initial2.er/archives/mca_iof_mr_hnp.so_c125S9HKbgb'
Copying `/usr/lib/x86_64-linux-gnu/openmpi/lib/openmpi/mca_filem_raw.so'  to `/home/ls2716/cwHPC/initial2.er/archives/mca_filem_raw.so_c125S9HKbgb'
Copying `/usr/lib/x86_64-linux-gnu/openmpi/lib/openmpi/mca_schizo_ompi.so'  to `/home/ls2716/cwHPC/initial2.er/archives/mca_schizo_ompi.so_c125S9HKbgb'
