### Start Wed Mar 13 16:31:18 2019
# /apps/dev-studio/12.6/bin/../bin/er_archive -n -O /home/ls2716/cwHPC/initial3.er/_x14.er/er_archive.log /home/ls2716/cwHPC/initial3.er/_x14.er
Copying `/usr/lib/x86_64-linux-gnu/openmpi/lib/libmpi.so.20.0.2'  to `/home/ls2716/cwHPC/initial3.er/archives/libmpi.so.20.0.2_G6zcWprHF51'
Copying `/usr/lib/x86_64-linux-gnu/hwloc/hwloc_pci.so'  to `/home/ls2716/cwHPC/initial3.er/archives/hwloc_pci.so_IicRzkXVc9a'
Copying `/usr/lib/x86_64-linux-gnu/openmpi/lib/openmpi/mca_state_app.so'  to `/home/ls2716/cwHPC/initial3.er/archives/mca_state_app.so_c125S9HKbgb'
Copying `/usr/lib/x86_64-linux-gnu/openmpi/lib/openmpi/mca_state_staged_orted.so'  to `/home/ls2716/cwHPC/initial3.er/archives/mca_state_staged_orted.so_c125S9HKbgb'
Copying `/usr/lib/x86_64-linux-gnu/openmpi/lib/openmpi/mca_errmgr_default_orted.so'  to `/home/ls2716/cwHPC/initial3.er/archives/mca_errmgr_default_orted.so_c125S9HKbgb'
Copying `/usr/lib/x86_64-linux-gnu/openmpi/lib/openmpi/mca_rml_oob.so'  to `/home/ls2716/cwHPC/initial3.er/archives/mca_rml_oob.so_c125S9HKbgb'
Copying `/usr/lib/x86_64-linux-gnu/openmpi/lib/openmpi/mca_routed_direct.so'  to `/home/ls2716/cwHPC/initial3.er/archives/mca_routed_direct.so_c125S9HKbgb'
Copying `/usr/lib/x86_64-linux-gnu/openmpi/lib/openmpi/mca_allocator_basic.so'  to `/home/ls2716/cwHPC/initial3.er/archives/mca_allocator_basic.so_c125S9HKbgb'
Copying `/usr/lib/x86_64-linux-gnu/openmpi/lib/openmpi/mca_bml_r2.so'  to `/home/ls2716/cwHPC/initial3.er/archives/mca_bml_r2.so_c125S9HKbgb'
Copying `/usr/lib/x86_64-linux-gnu/openmpi/lib/openmpi/mca_btl_self.so'  to `/home/ls2716/cwHPC/initial3.er/archives/mca_btl_self.so_c125S9HKbgb'
Copying `/usr/lib/x86_64-linux-gnu/openmpi/lib/openmpi/mca_btl_openib.so'  to `/home/ls2716/cwHPC/initial3.er/archives/mca_btl_openib.so_c125S9HKbgb'
Copying `/usr/lib/x86_64-linux-gnu/openmpi/lib/openmpi/mca_btl_tcp.so'  to `/home/ls2716/cwHPC/initial3.er/archives/mca_btl_tcp.so_c125S9HKbgb'
Copying `/usr/lib/x86_64-linux-gnu/openmpi/lib/openmpi/mca_vprotocol_pessimist.so'  to `/home/ls2716/cwHPC/initial3.er/archives/mca_vprotocol_pessimist.so_c125S9HKbgb'
Copying `/lib/x86_64-linux-gnu/libuuid.so.1.3.0'  to `/home/ls2716/cwHPC/initial3.er/archives/libuuid.so.1.3.0_XLwlkF_Wwof'
Copying `/usr/lib/x86_64-linux-gnu/libinfinipath.so.4.0'  to `/home/ls2716/cwHPC/initial3.er/archives/libinfinipath.so.4.0_dnWuQRcLhw9'
Copying `/usr/lib/x86_64-linux-gnu/libfabric.so.1.2.1'  to `/home/ls2716/cwHPC/initial3.er/archives/libfabric.so.1.2.1_dnWuQRcLhw9'
Copying `/usr/lib/x86_64-linux-gnu/openmpi/lib/openmpi/mca_coll_basic.so'  to `/home/ls2716/cwHPC/initial3.er/archives/mca_coll_basic.so_c125S9HKbgb'
Copying `/usr/lib/x86_64-linux-gnu/openmpi/lib/openmpi/mca_coll_sm.so'  to `/home/ls2716/cwHPC/initial3.er/archives/mca_coll_sm.so_c125S9HKbgb'
